#
# A fatal error has been detected by the Java Runtime Environment:
#
#  EXCEPTION_ACCESS_VIOLATION (0xc0000005) at pc=0x000000006c25bc38, pid=4784, tid=0x0000000000001ce4
#
# JRE version: OpenJDK Runtime Environment (8.0_212-b04) (build 1.8.0_212-release-1586-b04)
# Java VM: OpenJDK 64-Bit Server VM (25.212-b04 mixed mode windows-amd64 compressed oops)
# Problematic frame:
# V  [jvm.dll+0x3cbc38]
#
# Failed to write core dump. Minidumps are not enabled by default on client versions of Windows
#
# If you would like to submit a bug report, please visit:
#   
#

---------------  T H R E A D  ---------------

Current thread (0x0000000016676000):  VMThread [stack: 0x0000000017700000,0x0000000017800000] [id=7396]

siginfo: ExceptionCode=0xc0000005, reading address 0xffffffffffffffff

Registers:
RAX=0x0000000012a10000, RBX=0x0000000000000018, RCX=0x0000000000000000, RDX=0x007fffffffbae880
RSP=0x00000000177fefb8, RBP=0x000000006c61c710, RSI=0x000000001e4ae690, RDI=0x0000000000000001
R8 =0x0000000000000011, R9 =0x0000000028566010, R10=0x00000000000001fe, R11=0x00000000177fefe8
R12=0x0000000000000000, R13=0x0000000000000000, R14=0x000000006c45ebd0, R15=0x000000006c61c680
RIP=0x000000006c25bc38, EFLAGS=0x0000000000010206

Top of Stack: (sp=0x00000000177fefb8)
0x00000000177fefb8:   000000006bf9a376 0000000023a38928
0x00000000177fefc8:   0000000023a38828 0000000023a5c530
0x00000000177fefd8:   0000000000000000 000000006c61c710
0x00000000177fefe8:   000000006bf9c26f 0000000000000001
0x00000000177feff8:   0000000000000000 0000000023a38828
0x00000000177ff008:   000000001e4ae690 000000006c45f508
0x00000000177ff018:   000000006c61c710 0000000000000001
0x00000000177ff028:   000000006bf72c66 0000000000000001
0x00000000177ff038:   0000000000000008 000000006c61c710
0x00000000177ff048:   0000000100891428 0000000100891428
0x00000000177ff058:   000000006bf79180 0000000100891428
0x00000000177ff068:   000000006c61c710 00000000177ff100
0x00000000177ff078:   0000000007be71a0 000000006c61c710
0x00000000177ff088:   000000006bf9120c 0000000100891828
0x00000000177ff098:   0000000000000004 0000000000000001
0x00000000177ff0a8:   000000006bed374d 000000006c45ebd0 

Instructions: (pc=0x000000006c25bc38)
0x000000006c25bc18:   0d fb 95 3b 00 48 c1 ea 03 48 d3 ea 0f b6 c2 48
0x000000006c25bc28:   c1 ea 06 24 3f 44 0f b6 c0 48 8b 05 28 e3 3f 00
0x000000006c25bc38:   48 8b 0c d0 4c 0f a3 c1 0f 92 c0 c3 cc cc cc cc
0x000000006c25bc48:   cc cc cc cc cc cc cc cc 48 89 5c 24 08 57 48 83 


Register to memory mapping:

RAX=0x0000000012a10000 is an unknown value
RBX=0x0000000000000018 is an unknown value
RCX=0x0000000000000000 is an unknown value
RDX=0x007fffffffbae880 is an unknown value
RSP=0x00000000177fefb8 is an unknown value
RBP=0x000000006c61c710 is an unknown value
RSI=0x000000001e4ae690 is an unknown value
RDI=0x0000000000000001 is an unknown value
R8 =0x0000000000000011 is an unknown value
R9 =0x0000000028566010 is an unknown value
R10=0x00000000000001fe is an unknown value
R11=0x00000000177fefe8 is an unknown value
R12=0x0000000000000000 is an unknown value
R13=0x0000000000000000 is an unknown value
R14=0x000000006c45ebd0 is an unknown value
R15=0x000000006c61c680 is an unknown value


Stack: [0x0000000017700000,0x0000000017800000],  sp=0x00000000177fefb8,  free space=1019k
Native frames: (J=compiled Java code, j=interpreted, Vv=VM code, C=native code)
V  [jvm.dll+0x3cbc38]

VM_Operation (0x000000002a0de930): ParallelGCFailedAllocation, mode: safepoint, requested by thread 0x000000001e234800


---------------  P R O C E S S  ---------------

Java Threads: ( => current thread )
  0x000000001e22f000 JavaThread "ForkJoinPool-15-worker-0" daemon [_thread_blocked, id=6852, stack(0x000000002adf0000,0x000000002aef0000)]
  0x000000001e233000 JavaThread "ForkJoinPool-15-worker-3" daemon [_thread_blocked, id=1648, stack(0x000000002acf0000,0x000000002adf0000)]
  0x000000001e22e800 JavaThread "ForkJoinPool-15-worker-2" daemon [_thread_blocked, id=4344, stack(0x000000002a6e0000,0x000000002a7e0000)]
  0x000000001e234800 JavaThread "ForkJoinPool-15-worker-1" daemon [_thread_blocked, id=7424, stack(0x0000000029fe0000,0x000000002a0e0000)]
  0x000000001e231800 JavaThread "WorkerExecutor Queue Thread 3" [_thread_blocked, id=544, stack(0x0000000029ee0000,0x0000000029fe0000)]
  0x000000001e226800 JavaThread "WorkerExecutor Queue Thread 2" [_thread_blocked, id=6208, stack(0x0000000029de0000,0x0000000029ee0000)]
  0x000000001e227800 JavaThread "stdout" [_thread_in_native, id=3724, stack(0x0000000029ae0000,0x0000000029be0000)]
  0x000000001e22d800 JavaThread "stderr" [_thread_in_native, id=5852, stack(0x0000000028be0000,0x0000000028ce0000)]
  0x000000001e22d000 JavaThread "pool-24-thread-1" [_thread_blocked, id=2572, stack(0x00000000248a0000,0x00000000249a0000)]
  0x000000001e229000 JavaThread "WorkerExecutor Queue" [_thread_blocked, id=3340, stack(0x0000000022f60000,0x0000000023060000)]
  0x000000001e22a800 JavaThread "Cache worker for execution history cache (E:\SharedFolder\2020\Pharmacy\.gradle\5.6.4\executionHistory)" [_thread_blocked, id=7408, stack(0x00000000247a0000,0x00000000248a0000)]
  0x000000001e225000 JavaThread "Execution worker for ':' Thread 3" [_thread_blocked, id=5212, stack(0x00000000246a0000,0x00000000247a0000)]
  0x000000002669e000 JavaThread "Execution worker for ':' Thread 2" [_thread_blocked, id=5532, stack(0x00000000245a0000,0x00000000246a0000)]
  0x00000000266a0800 JavaThread "Execution worker for ':'" [_thread_blocked, id=5004, stack(0x0000000023460000,0x0000000023560000)]
  0x00000000266a1000 JavaThread "Cache worker for file content cache (E:\SharedFolder\2020\Pharmacy\.gradle\5.6.4\fileContent)" [_thread_blocked, id=912, stack(0x0000000021070000,0x0000000021170000)]
  0x000000002669f800 JavaThread "Cache worker for Build Output Cleanup Cache (E:\SharedFolder\2020\Pharmacy\.gradle\buildOutputCleanup)" [_thread_blocked, id=5724, stack(0x0000000020b70000,0x0000000020c70000)]
  0x00000000266a2000 JavaThread "Build operations Thread 4" [_thread_blocked, id=4732, stack(0x0000000020a70000,0x0000000020b70000)]
  0x000000002669f000 JavaThread "Build operations Thread 3" [_thread_blocked, id=8572, stack(0x0000000020970000,0x0000000020a70000)]
  0x00000000266a2800 JavaThread "Build operations Thread 2" [_thread_blocked, id=6436, stack(0x0000000020870000,0x0000000020970000)]
  0x000000002669d800 JavaThread "Build operations" [_thread_blocked, id=7100, stack(0x0000000020670000,0x0000000020770000)]
  0x00000000266a3800 JavaThread "Cache worker for cache directory md-rule (C:\Users\pc-1\.gradle\caches\5.6.4\md-rule)" [_thread_blocked, id=6104, stack(0x0000000020570000,0x0000000020670000)]
  0x0000000026695800 JavaThread "Cache worker for cache directory md-supplier (C:\Users\pc-1\.gradle\caches\5.6.4\md-supplier)" [_thread_blocked, id=8216, stack(0x000000001d7f0000,0x000000001d8f0000)]
  0x000000002669c800 JavaThread "Cache worker for file hash cache (E:\SharedFolder\2020\Pharmacy\.gradle\5.6.4\fileHashes)" [_thread_blocked, id=848, stack(0x000000001bf20000,0x000000001c020000)]
  0x0000000026695000 JavaThread "Thread-219" [_thread_blocked, id=7852, stack(0x000000001bc20000,0x000000001bd20000)]
  0x0000000026698800 JavaThread "Stdin handler" [_thread_blocked, id=972, stack(0x000000001bb20000,0x000000001bc20000)]
  0x0000000026697000 JavaThread "Asynchronous log dispatcher for DefaultDaemonConnection: socket connection from /127.0.0.1:51737 to /127.0.0.1:52186" [_thread_blocked, id=3040, stack(0x000000001b820000,0x000000001b920000)]
  0x000000002669c000 JavaThread "Cancel handler" [_thread_blocked, id=5692, stack(0x00000000010c0000,0x00000000011c0000)]
  0x0000000026694000 JavaThread "Handler for socket connection from /127.0.0.1:51737 to /127.0.0.1:52186" [_thread_in_native, id=6008, stack(0x0000000000fc0000,0x00000000010c0000)]
  0x0000000019a3f800 JavaThread "MarlinRenderer Disposer" daemon [_thread_blocked, id=8740, stack(0x000000002b130000,0x000000002b230000)]
  0x000000001e233800 JavaThread "Java2D Disposer" daemon [_thread_blocked, id=7548, stack(0x000000002c770000,0x000000002c870000)]
  0x0000000028663800 JavaThread "Daemon worker Thread 5" [_thread_blocked, id=7860, stack(0x000000001b720000,0x000000001b820000)]
  0x0000000028661000 JavaThread "Daemon Thread 5" [_thread_blocked, id=8384, stack(0x0000000000ec0000,0x0000000000fc0000)]
  0x0000000028665000 JavaThread "Cache worker for Java compile cache (C:\Users\pc-1\.gradle\caches\5.6.4\javaCompile)" [_thread_blocked, id=7468, stack(0x0000000028ae0000,0x0000000028be0000)]
  0x0000000019a42800 JavaThread "Cache worker for file content cache (C:\Users\pc-1\.gradle\caches\5.6.4\fileContent)" [_thread_blocked, id=7820, stack(0x0000000022e60000,0x0000000022f60000)]
  0x0000000019a41800 JavaThread "Memory manager" [_thread_blocked, id=7824, stack(0x0000000022d60000,0x0000000022e60000)]
  0x0000000019a3a800 JavaThread "Cache worker for execution history cache (C:\Users\pc-1\.gradle\caches\5.6.4\executionHistory)" [_thread_blocked, id=7368, stack(0x0000000020770000,0x0000000020870000)]
  0x0000000018f0a800 JavaThread "Cache worker for journal cache (C:\Users\pc-1\.gradle\caches\journal-1)" [_thread_blocked, id=4760, stack(0x000000001c420000,0x000000001c520000)]
  0x0000000018f0a000 JavaThread "File lock request listener" [_thread_in_native, id=6172, stack(0x000000001c320000,0x000000001c420000)]
  0x0000000018f09000 JavaThread "Cache worker for file hash cache (C:\Users\pc-1\.gradle\caches\5.6.4\fileHashes)" [_thread_blocked, id=8364, stack(0x000000001c220000,0x000000001c320000)]
  0x000000001a106800 JavaThread "Daemon periodic checks" [_thread_blocked, id=5576, stack(0x000000001b620000,0x000000001b720000)]
  0x000000001a0a9800 JavaThread "Incoming local TCP Connector on port 51737" [_thread_in_native, id=6900, stack(0x000000001b3e0000,0x000000001b4e0000)]
  0x00000000186d4800 JavaThread "Daemon health stats" [_thread_blocked, id=6880, stack(0x000000001ada0000,0x000000001aea0000)]
  0x0000000018030800 JavaThread "Service Thread" daemon [_thread_blocked, id=6644, stack(0x0000000018400000,0x0000000018500000)]
  0x00000000166b2800 JavaThread "C1 CompilerThread2" daemon [_thread_blocked, id=7220, stack(0x0000000017f00000,0x0000000018000000)]
  0x00000000166ab000 JavaThread "C2 CompilerThread1" daemon [_thread_blocked, id=2764, stack(0x0000000017e00000,0x0000000017f00000)]
  0x00000000166b7000 JavaThread "C2 CompilerThread0" daemon [_thread_blocked, id=4220, stack(0x0000000017d00000,0x0000000017e00000)]
  0x00000000166b6000 JavaThread "Attach Listener" daemon [_thread_blocked, id=6992, stack(0x0000000017c00000,0x0000000017d00000)]
  0x00000000166b4800 JavaThread "Signal Dispatcher" daemon [_thread_blocked, id=8360, stack(0x0000000017b00000,0x0000000017c00000)]
  0x0000000002d3b000 JavaThread "Finalizer" daemon [_thread_blocked, id=1844, stack(0x0000000017900000,0x0000000017a00000)]
  0x0000000016699000 JavaThread "Reference Handler" daemon [_thread_blocked, id=7520, stack(0x0000000017800000,0x0000000017900000)]
  0x0000000002b3e000 JavaThread "main" [_thread_blocked, id=6620, stack(0x0000000002b40000,0x0000000002c40000)]

Other Threads:
=>0x0000000016676000 VMThread [stack: 0x0000000017700000,0x0000000017800000] [id=7396]
  0x0000000018031000 WatcherThread [stack: 0x0000000018500000,0x0000000018600000] [id=4920]

VM state:at safepoint (normal execution)

VM Mutex/Monitor currently owned by a thread:  ([mutex/lock_event])
[0x0000000002b3d060] Threads_lock - owner thread: 0x0000000016676000
[0x0000000002b3c760] Heap_lock - owner thread: 0x000000001e234800

heap address: 0x00000000a0000000, size: 1536 MB, Compressed Oops mode: 32-bit
Narrow klass base: 0x0000000000000000, Narrow klass shift: 3
Compressed class space size: 1073741824 Address: 0x0000000100000000

Heap:
 PSYoungGen      total 349696K, used 77296K [0x00000000e0000000, 0x0000000100000000, 0x0000000100000000)
  eden space 175104K, 0% used [0x00000000e0000000,0x00000000e0000000,0x00000000eab00000)
  from space 174592K, 44% used [0x00000000eab00000,0x00000000ef67c290,0x00000000f5580000)
  to   space 173568K, 0% used [0x00000000f5680000,0x00000000f5680000,0x0000000100000000)
 ParOldGen       total 301568K, used 299652K [0x00000000a0000000, 0x00000000b2680000, 0x00000000e0000000)
  object space 301568K, 99% used [0x00000000a0000000,0x00000000b24a1238,0x00000000b2680000)
 Metaspace       used 123306K, capacity 128958K, committed 129048K, reserved 1161216K
  class space    used 15236K, capacity 16342K, committed 16408K, reserved 1048576K

Card table byte_map: [0x0000000012100000,0x0000000012410000] byte_map_base: 0x0000000011c00000

Marking Bits: (ParMarkBitMap*) 0x000000006c659f30
 Begin Bits: [0x0000000012a10000, 0x0000000014210000)
 End Bits:   [0x0000000014210000, 0x0000000015a10000)

Polling page: 0x0000000000da0000

CodeCache: size=245760Kb used=80018Kb max_used=80044Kb free=165741Kb
 bounds [0x0000000002d40000, 0x0000000007c00000, 0x0000000011d40000]
 total_blobs=23770 nmethods=22721 adapters=959
 compilation: enabled

Compilation events (10 events):
Event: 3163.649 Thread 0x00000000166b7000 29908       4       com.android.tools.r8.dex.b$$Lambda$747/1450918161::accept (12 bytes)
Event: 3163.651 Thread 0x00000000166b7000 nmethod 29908 0x0000000006449590 code [0x00000000064496e0, 0x00000000064497a8]
Event: 3163.651 Thread 0x00000000166b7000 29899       4       java.util.stream.SpinedBuffer::asArray (46 bytes)
Event: 3163.651 Thread 0x00000000166b2800 29909       3       com.android.tools.r8.graph.O$$Lambda$752/2133306776::compare (12 bytes)
Event: 3163.651 Thread 0x00000000166b2800 nmethod 29909 0x00000000053c6410 code [0x00000000053c65a0, 0x00000000053c6ae8]
Event: 3163.659 Thread 0x00000000166ab000 nmethod 29867 0x0000000007be6cd0 code [0x0000000007be71a0, 0x0000000007bebed0]
Event: 3163.659 Thread 0x00000000166ab000 29900       4       java.util.stream.ReferencePipeline::toArray (21 bytes)
Event: 3163.667 Thread 0x00000000166b7000 nmethod 29899 0x0000000005ad9c90 code [0x0000000005ad9e20, 0x0000000005ada518]
Event: 3163.667 Thread 0x00000000166b7000 29881       4       com.android.tools.r8.graph.x::collectIndexedItems (9 bytes)
Event: 3163.671 Thread 0x00000000166b7000 nmethod 29881 0x0000000006447890 code [0x00000000064479e0, 0x0000000006447ae8]

GC Heap History (10 events):
Event: 3140.786 GC heap after
Heap after GC invocations=36 (full 5):
 PSYoungGen      total 416768K, used 68484K [0x00000000e0000000, 0x0000000100000000, 0x0000000100000000)
  eden space 348160K, 0% used [0x00000000e0000000,0x00000000e0000000,0x00000000f5400000)
  from space 68608K, 99% used [0x00000000f5400000,0x00000000f96e1208,0x00000000f9700000)
  to   space 95232K, 0% used [0x00000000fa300000,0x00000000fa300000,0x0000000100000000)
 ParOldGen       total 301568K, used 100265K [0x00000000a0000000, 0x00000000b2680000, 0x00000000e0000000)
  object space 301568K, 33% used [0x00000000a0000000,0x00000000a61ea4a8,0x00000000b2680000)
 Metaspace       used 122587K, capacity 128032K, committed 128152K, reserved 1161216K
  class space    used 15143K, capacity 16169K, committed 16280K, reserved 1048576K
}
Event: 3148.609 GC heap before
{Heap before GC invocations=37 (full 5):
 PSYoungGen      total 416768K, used 416644K [0x00000000e0000000, 0x0000000100000000, 0x0000000100000000)
  eden space 348160K, 100% used [0x00000000e0000000,0x00000000f5400000,0x00000000f5400000)
  from space 68608K, 99% used [0x00000000f5400000,0x00000000f96e1208,0x00000000f9700000)
  to   space 95232K, 0% used [0x00000000fa300000,0x00000000fa300000,0x0000000100000000)
 ParOldGen       total 301568K, used 100265K [0x00000000a0000000, 0x00000000b2680000, 0x00000000e0000000)
  object space 301568K, 33% used [0x00000000a0000000,0x00000000a61ea4a8,0x00000000b2680000)
 Metaspace       used 122916K, capacity 128414K, committed 128664K, reserved 1161216K
  class space    used 15193K, capacity 16232K, committed 16280K, reserved 1048576K
Event: 3148.913 GC heap after
Heap after GC invocations=37 (full 5):
 PSYoungGen      total 369664K, used 95207K [0x00000000e0000000, 0x0000000100000000, 0x0000000100000000)
  eden space 274432K, 0% used [0x00000000e0000000,0x00000000e0000000,0x00000000f0c00000)
  from space 95232K, 99% used [0x00000000fa300000,0x00000000ffff9cb0,0x0000000100000000)
  to   space 124928K, 0% used [0x00000000f0c00000,0x00000000f0c00000,0x00000000f8600000)
 ParOldGen       total 301568K, used 140824K [0x00000000a0000000, 0x00000000b2680000, 0x00000000e0000000)
  object space 301568K, 46% used [0x00000000a0000000,0x00000000a89861d8,0x00000000b2680000)
 Metaspace       used 122916K, capacity 128414K, committed 128664K, reserved 1161216K
  class space    used 15193K, capacity 16232K, committed 16280K, reserved 1048576K
}
Event: 3151.634 GC heap before
{Heap before GC invocations=38 (full 5):
 PSYoungGen      total 369664K, used 369623K [0x00000000e0000000, 0x0000000100000000, 0x0000000100000000)
  eden space 274432K, 99% used [0x00000000e0000000,0x00000000f0bfc0b0,0x00000000f0c00000)
  from space 95232K, 99% used [0x00000000fa300000,0x00000000ffff9cb0,0x0000000100000000)
  to   space 124928K, 0% used [0x00000000f0c00000,0x00000000f0c00000,0x00000000f8600000)
 ParOldGen       total 301568K, used 140824K [0x00000000a0000000, 0x00000000b2680000, 0x00000000e0000000)
  object space 301568K, 46% used [0x00000000a0000000,0x00000000a89861d8,0x00000000b2680000)
 Metaspace       used 122944K, capacity 128456K, committed 128664K, reserved 1161216K
  class space    used 15195K, capacity 16237K, committed 16280K, reserved 1048576K
Event: 3151.918 GC heap after
Heap after GC invocations=38 (full 5):
 PSYoungGen      total 399360K, used 124897K [0x00000000e0000000, 0x0000000100000000, 0x0000000100000000)
  eden space 274432K, 0% used [0x00000000e0000000,0x00000000e0000000,0x00000000f0c00000)
  from space 124928K, 99% used [0x00000000f0c00000,0x00000000f85f8740,0x00000000f8600000)
  to   space 124928K, 0% used [0x00000000f8600000,0x00000000f8600000,0x0000000100000000)
 ParOldGen       total 301568K, used 176446K [0x00000000a0000000, 0x00000000b2680000, 0x00000000e0000000)
  object space 301568K, 58% used [0x00000000a0000000,0x00000000aac4fa30,0x00000000b2680000)
 Metaspace       used 122944K, capacity 128456K, committed 128664K, reserved 1161216K
  class space    used 15195K, capacity 16237K, committed 16280K, reserved 1048576K
}
Event: 3161.698 GC heap before
{Heap before GC invocations=39 (full 5):
 PSYoungGen      total 399360K, used 393740K [0x00000000e0000000, 0x0000000100000000, 0x0000000100000000)
  eden space 274432K, 97% used [0x00000000e0000000,0x00000000f068aa78,0x00000000f0c00000)
  from space 124928K, 99% used [0x00000000f0c00000,0x00000000f85f8740,0x00000000f8600000)
  to   space 124928K, 0% used [0x00000000f8600000,0x00000000f8600000,0x0000000100000000)
 ParOldGen       total 301568K, used 176446K [0x00000000a0000000, 0x00000000b2680000, 0x00000000e0000000)
  object space 301568K, 58% used [0x00000000a0000000,0x00000000aac4fa30,0x00000000b2680000)
 Metaspace       used 123298K, capacity 128958K, committed 129048K, reserved 1161216K
  class space    used 15236K, capacity 16342K, committed 16408K, reserved 1048576K
Event: 3162.040 GC heap after
Heap after GC invocations=39 (full 5):
 PSYoungGen      total 300032K, used 124906K [0x00000000e0000000, 0x0000000100000000, 0x0000000100000000)
  eden space 175104K, 0% used [0x00000000e0000000,0x00000000e0000000,0x00000000eab00000)
  from space 124928K, 99% used [0x00000000f8600000,0x00000000ffffaa50,0x0000000100000000)
  to   space 174592K, 0% used [0x00000000eab00000,0x00000000eab00000,0x00000000f5580000)
 ParOldGen       total 301568K, used 199405K [0x00000000a0000000, 0x00000000b2680000, 0x00000000e0000000)
  object space 301568K, 66% used [0x00000000a0000000,0x00000000ac2bb678,0x00000000b2680000)
 Metaspace       used 123298K, capacity 128958K, committed 129048K, reserved 1161216K
  class space    used 15236K, capacity 16342K, committed 16408K, reserved 1048576K
}
Event: 3163.686 GC heap before
{Heap before GC invocations=40 (full 5):
 PSYoungGen      total 300032K, used 300001K [0x00000000e0000000, 0x0000000100000000, 0x0000000100000000)
  eden space 175104K, 99% used [0x00000000e0000000,0x00000000eaafdd38,0x00000000eab00000)
  from space 124928K, 99% used [0x00000000f8600000,0x00000000ffffaa50,0x0000000100000000)
  to   space 174592K, 0% used [0x00000000eab00000,0x00000000eab00000,0x00000000f5580000)
 ParOldGen       total 301568K, used 199405K [0x00000000a0000000, 0x00000000b2680000, 0x00000000e0000000)
  object space 301568K, 66% used [0x00000000a0000000,0x00000000ac2bb678,0x00000000b2680000)
 Metaspace       used 123306K, capacity 128958K, committed 129048K, reserved 1161216K
  class space    used 15236K, capacity 16342K, committed 16408K, reserved 1048576K
Event: 3163.980 GC heap after
Heap after GC invocations=40 (full 5):
 PSYoungGen      total 349696K, used 77296K [0x00000000e0000000, 0x0000000100000000, 0x0000000100000000)
  eden space 175104K, 0% used [0x00000000e0000000,0x00000000e0000000,0x00000000eab00000)
  from space 174592K, 44% used [0x00000000eab00000,0x00000000ef67c290,0x00000000f5580000)
  to   space 173568K, 0% used [0x00000000f5680000,0x00000000f5680000,0x0000000100000000)
 ParOldGen       total 301568K, used 299652K [0x00000000a0000000, 0x00000000b2680000, 0x00000000e0000000)
  object space 301568K, 99% used [0x00000000a0000000,0x00000000b24a1238,0x00000000b2680000)
 Metaspace       used 123306K, capacity 128958K, committed 129048K, reserved 1161216K
  class space    used 15236K, capacity 16342K, committed 16408K, reserved 1048576K
}
Event: 3163.980 GC heap before
{Heap before GC invocations=41 (full 6):
 PSYoungGen      total 349696K, used 77296K [0x00000000e0000000, 0x0000000100000000, 0x0000000100000000)
  eden space 175104K, 0% used [0x00000000e0000000,0x00000000e0000000,0x00000000eab00000)
  from space 174592K, 44% used [0x00000000eab00000,0x00000000ef67c290,0x00000000f5580000)
  to   space 173568K, 0% used [0x00000000f5680000,0x00000000f5680000,0x0000000100000000)
 ParOldGen       total 301568K, used 299652K [0x00000000a0000000, 0x00000000b2680000, 0x00000000e0000000)
  object space 301568K, 99% used [0x00000000a0000000,0x00000000b24a1238,0x00000000b2680000)
 Metaspace       used 123306K, capacity 128958K, committed 129048K, reserved 1161216K
  class space    used 15236K, capacity 16342K, committed 16408K, reserved 1048576K

Deoptimization events (10 events):
Event: 3152.210 Thread 0x0000000028663800 Uncommon trap: reason=unstable_if action=reinterpret pc=0x0000000005a25eec method=java.io.ObjectOutputStream.writeObject0(Ljava/lang/Object;Z)V @ 248
Event: 3152.212 Thread 0x0000000028663800 Uncommon trap: reason=class_check action=maybe_recompile pc=0x0000000002f197e0 method=java.lang.String.equals(Ljava/lang/Object;)Z @ 8
Event: 3152.212 Thread 0x0000000028663800 Uncommon trap: reason=class_check action=maybe_recompile pc=0x0000000002f197e0 method=java.lang.String.equals(Ljava/lang/Object;)Z @ 8
Event: 3152.212 Thread 0x0000000028663800 Uncommon trap: reason=class_check action=maybe_recompile pc=0x0000000002f197e0 method=java.lang.String.equals(Ljava/lang/Object;)Z @ 8
Event: 3152.213 Thread 0x0000000028663800 Uncommon trap: reason=class_check action=maybe_recompile pc=0x0000000002f197e0 method=java.lang.String.equals(Ljava/lang/Object;)Z @ 8
Event: 3152.228 Thread 0x0000000028663800 Uncommon trap: reason=unstable_if action=reinterpret pc=0x0000000005a25eec method=java.io.ObjectOutputStream.writeObject0(Ljava/lang/Object;Z)V @ 248
Event: 3156.490 Thread 0x0000000026694000 Uncommon trap: reason=null_check action=make_not_entrant pc=0x00000000073114dc method=java.io.ObjectStreamClass.getField(Ljava/lang/String;Ljava/lang/Class;)Ljava/io/ObjectStreamField; @ 67
Event: 3156.490 Thread 0x0000000026694000 Uncommon trap: reason=null_check action=make_not_entrant pc=0x000000000730cefc method=java.io.ObjectStreamClass.getField(Ljava/lang/String;Ljava/lang/Class;)Ljava/io/ObjectStreamField; @ 67
Event: 3158.712 Thread 0x00000000266a0800 Uncommon trap: reason=class_check action=maybe_recompile pc=0x00000000063cf094 method=org.gradle.internal.resources.DefaultResourceLockCoordinationService$DefaultResourceLockState.releaseLocks()V @ 37
Event: 3161.466 Thread 0x0000000028663800 Uncommon trap: reason=unstable_if action=reinterpret pc=0x0000000006c41ad8 method=org.gradle.internal.execution.history.changes.PreviousSuccessChanges.accept(Lorg/gradle/internal/execution/history/changes/ChangeVisitor;)Z @ 4

Classes redefined (0 events):
No events

Internal exceptions (10 events):
Event: 3146.674 Thread 0x000000001e230000 Exception <a 'sun/nio/fs/WindowsException'> (0x00000000e6d50140) thrown at [D:\src\AOSP-openjdk-cygwin\jdk8u\hotspot\src\share\vm\prims\jni.cpp, line 710]
Event: 3149.484 Thread 0x0000000026695000 Exception <a 'sun/nio/fs/WindowsException'> (0x00000000e3e24b00) thrown at [D:\src\AOSP-openjdk-cygwin\jdk8u\hotspot\src\share\vm\prims\jni.cpp, line 710]
Event: 3149.630 Thread 0x000000002669c000 Exception <a 'sun/nio/fs/WindowsException'> (0x00000000e4d3f1d0) thrown at [D:\src\AOSP-openjdk-cygwin\jdk8u\hotspot\src\share\vm\prims\jni.cpp, line 710]
Event: 3152.079 Thread 0x0000000026694000 Exception <a 'java/lang/ClassCastException': <unknown> cannot be cast to com.android.tools.r8.graph.S> (0x00000000e07a1e98) thrown at [D:\src\AOSP-openjdk-cygwin\jdk8u\hotspot\src\share\vm\interpreter\interpreterRuntime.cpp, line 383]
Event: 3152.112 Thread 0x000000002866b800 Exception <a 'java/lang/NoSuchMethodError': <clinit>> (0x00000000e0c00950) thrown at [D:\src\AOSP-openjdk-cygwin\jdk8u\hotspot\src\share\vm\prims\jni.cpp, line 1614]
Event: 3152.114 Thread 0x000000002866b800 Exception <a 'java/lang/NoSuchMethodError': <clinit>> (0x00000000e0c10eb8) thrown at [D:\src\AOSP-openjdk-cygwin\jdk8u\hotspot\src\share\vm\prims\jni.cpp, line 1614]
Event: 3152.167 Thread 0x0000000028663800 Exception <a 'sun/nio/fs/WindowsException'> (0x00000000e0a8a618) thrown at [D:\src\AOSP-openjdk-cygwin\jdk8u\hotspot\src\share\vm\prims\jni.cpp, line 710]
Event: 3160.546 Thread 0x000000001e229000 Exception <a 'sun/nio/fs/WindowsException'> (0x00000000eb253f98) thrown at [D:\src\AOSP-openjdk-cygwin\jdk8u\hotspot\src\share\vm\prims\jni.cpp, line 710]
Event: 3160.546 Thread 0x000000001e229000 Exception <a 'sun/nio/fs/WindowsException'> (0x00000000eb254440) thrown at [D:\src\AOSP-openjdk-cygwin\jdk8u\hotspot\src\share\vm\prims\jni.cpp, line 710]
Event: 3161.683 Thread 0x000000001e226800 Exception <a 'sun/nio/fs/WindowsException'> (0x00000000ef3ac560) thrown at [D:\src\AOSP-openjdk-cygwin\jdk8u\hotspot\src\share\vm\prims\jni.cpp, line 710]

Events (10 events):
Event: 3162.302 Thread 0x00000000166b2800 flushing nmethod 0x0000000005944f50
Event: 3162.303 Thread 0x00000000166b2800 flushing nmethod 0x0000000005b70bd0
Event: 3162.317 Thread 0x00000000166b2800 flushing nmethod 0x0000000006d5cc50
Event: 3162.420 Thread 0x000000001e234800 DEOPT PACKING pc=0x00000000041c9a32 sp=0x000000002a0de980
Event: 3162.420 Thread 0x000000001e234800 DEOPT UNPACKING pc=0x0000000002d871d0 sp=0x000000002a0de680 mode 0
Event: 3162.655 Executing VM operation: BulkRevokeBias
Event: 3162.657 Executing VM operation: BulkRevokeBias done
Event: 3162.657 Executing VM operation: RevokeBias
Event: 3162.657 Executing VM operation: RevokeBias done
Event: 3163.685 Executing VM operation: ParallelGCFailedAllocation


Dynamic libraries:
0x00007ff795740000 - 0x00007ff795771000 	C:\Program Files\Android\Android Studio\jre\bin\java.exe
0x00007ffd30100000 - 0x00007ffd302f0000 	C:\Windows\SYSTEM32\ntdll.dll
0x00007ffd2ed90000 - 0x00007ffd2ee42000 	C:\Windows\System32\KERNEL32.DLL
0x00007ffd2d840000 - 0x00007ffd2dae4000 	C:\Windows\System32\KERNELBASE.dll
0x00007ffd2f200000 - 0x00007ffd2f2a3000 	C:\Windows\System32\ADVAPI32.dll
0x00007ffd2ee50000 - 0x00007ffd2eeee000 	C:\Windows\System32\msvcrt.dll
0x00007ffd2f150000 - 0x00007ffd2f1e7000 	C:\Windows\System32\sechost.dll
0x00007ffd2e6d0000 - 0x00007ffd2e7f0000 	C:\Windows\System32\RPCRT4.dll
0x00007ffd2eab0000 - 0x00007ffd2ec44000 	C:\Windows\System32\USER32.dll
0x00007ffd2d810000 - 0x00007ffd2d831000 	C:\Windows\System32\win32u.dll
0x00007ffd2fe10000 - 0x00007ffd2fe36000 	C:\Windows\System32\GDI32.dll
0x00007ffd2dee0000 - 0x00007ffd2e074000 	C:\Windows\System32\gdi32full.dll
0x00007ffd2ddc0000 - 0x00007ffd2de5e000 	C:\Windows\System32\msvcp_win.dll
0x00007ffd2db70000 - 0x00007ffd2dc6a000 	C:\Windows\System32\ucrtbase.dll
0x00007ffd2bd80000 - 0x00007ffd2c004000 	C:\Windows\WinSxS\amd64_microsoft.windows.common-controls_6595b64144ccf1df_6.0.18362.836_none_e6c4b943130f18ed\COMCTL32.dll
0x00007ffd2f2b0000 - 0x00007ffd2f5e6000 	C:\Windows\System32\combase.dll
0x00007ffd2e130000 - 0x00007ffd2e1b0000 	C:\Windows\System32\bcryptPrimitives.dll
0x00007ffd2f6e0000 - 0x00007ffd2f70e000 	C:\Windows\System32\IMM32.DLL
0x000000006bcd0000 - 0x000000006bda2000 	C:\Program Files\Android\Android Studio\jre\jre\bin\msvcr100.dll
0x000000006be90000 - 0x000000006c6d6000 	C:\Program Files\Android\Android Studio\jre\jre\bin\server\jvm.dll
0x00007ffd2f1f0000 - 0x00007ffd2f1f8000 	C:\Windows\System32\PSAPI.DLL
0x00007ffd297a0000 - 0x00007ffd297c4000 	C:\Windows\SYSTEM32\WINMM.dll
0x00007ffd2c180000 - 0x00007ffd2c189000 	C:\Windows\SYSTEM32\WSOCK32.dll
0x00007ffd28c70000 - 0x00007ffd28c7a000 	C:\Windows\SYSTEM32\VERSION.dll
0x00007ffd2f670000 - 0x00007ffd2f6df000 	C:\Windows\System32\WS2_32.dll
0x00007ffd29770000 - 0x00007ffd2979d000 	C:\Windows\SYSTEM32\WINMMBASE.dll
0x00007ffd2db20000 - 0x00007ffd2db6a000 	C:\Windows\System32\cfgmgr32.dll
0x00007ffd2ad40000 - 0x00007ffd2ad4f000 	C:\Program Files\Android\Android Studio\jre\jre\bin\verify.dll
0x00007ffd2ad10000 - 0x00007ffd2ad39000 	C:\Program Files\Android\Android Studio\jre\jre\bin\java.dll
0x00007ffd2acf0000 - 0x00007ffd2ad06000 	C:\Program Files\Android\Android Studio\jre\jre\bin\zip.dll
0x00007ffd2f710000 - 0x00007ffd2fdf4000 	C:\Windows\System32\SHELL32.dll
0x00007ffd2e620000 - 0x00007ffd2e6c9000 	C:\Windows\System32\shcore.dll
0x00007ffd2d090000 - 0x00007ffd2d80e000 	C:\Windows\System32\windows.storage.dll
0x00007ffd2cfd0000 - 0x00007ffd2cff3000 	C:\Windows\System32\profapi.dll
0x00007ffd2d040000 - 0x00007ffd2d08a000 	C:\Windows\System32\powrprof.dll
0x00007ffd2cfc0000 - 0x00007ffd2cfd0000 	C:\Windows\System32\UMPDC.dll
0x00007ffd2f0f0000 - 0x00007ffd2f142000 	C:\Windows\System32\shlwapi.dll
0x00007ffd2d000000 - 0x00007ffd2d011000 	C:\Windows\System32\kernel.appcore.dll
0x00007ffd2de60000 - 0x00007ffd2de77000 	C:\Windows\System32\cryptsp.dll
0x00007ffd2acd0000 - 0x00007ffd2acea000 	C:\Program Files\Android\Android Studio\jre\jre\bin\net.dll
0x00007ffd221b0000 - 0x00007ffd22386000 	C:\Windows\SYSTEM32\urlmon.dll
0x00007ffd224b0000 - 0x00007ffd22756000 	C:\Windows\SYSTEM32\iertutil.dll
0x00007ffd2c6e0000 - 0x00007ffd2c6ec000 	C:\Windows\SYSTEM32\CRYPTBASE.DLL
0x00007ffd2c510000 - 0x00007ffd2c577000 	C:\Windows\system32\mswsock.dll
0x00007ffd2acb0000 - 0x00007ffd2acc3000 	C:\Program Files\Android\Android Studio\jre\jre\bin\nio.dll
0x00007ffd16cb0000 - 0x00007ffd16cd6000 	C:\Users\pc-1\.gradle\native\30\windows-amd64\native-platform.dll
0x00007ffd2ac20000 - 0x00007ffd2ac2d000 	C:\Program Files\Android\Android Studio\jre\jre\bin\management.dll
0x00007ffd2bce0000 - 0x00007ffd2bd13000 	C:\Windows\system32\rsaenh.dll
0x00007ffd2daf0000 - 0x00007ffd2db16000 	C:\Windows\System32\bcrypt.dll
0x00007ffd2cee0000 - 0x00007ffd2cf05000 	C:\Windows\SYSTEM32\USERENV.dll
0x00007ffd2c110000 - 0x00007ffd2c14a000 	C:\Windows\SYSTEM32\IPHLPAPI.DLL
0x00007ffd2eaa0000 - 0x00007ffd2eaa8000 	C:\Windows\System32\NSI.dll
0x00007ffd24450000 - 0x00007ffd24466000 	C:\Windows\SYSTEM32\dhcpcsvc6.DLL
0x00007ffd24540000 - 0x00007ffd2455c000 	C:\Windows\SYSTEM32\dhcpcsvc.DLL
0x00007ffd2c260000 - 0x00007ffd2c32b000 	C:\Windows\SYSTEM32\DNSAPI.dll
0x00007ffd1f610000 - 0x00007ffd1f634000 	C:\Program Files\Android\Android Studio\jre\jre\bin\sunec.dll
0x00007ffd1f8f0000 - 0x00007ffd1f8fa000 	C:\Windows\System32\rasadhlp.dll
0x00007ffd245d0000 - 0x00007ffd24647000 	C:\Windows\System32\fwpuclnt.dll
0x00007ffd2a920000 - 0x00007ffd2a92b000 	C:\Program Files\Android\Android Studio\jre\jre\bin\sunmscapi.dll
0x00007ffd2dc70000 - 0x00007ffd2ddb9000 	C:\Windows\System32\CRYPT32.dll
0x00007ffd2d020000 - 0x00007ffd2d032000 	C:\Windows\System32\MSASN1.dll
0x0000000066e00000 - 0x0000000066f03000 	C:\Users\pc-1\AppData\Local\Temp\sqlite-3.25.2-61025558-166d-49a6-836d-826a5da5e6f8-sqlitejdbc.dll
0x000000002a9e0000 - 0x000000002aae3000 	C:\Users\pc-1\AppData\Local\Temp\sqlite-3.25.2-bc2734af-86c7-47d4-97af-c9957074aff1-sqlitejdbc.dll
0x00007ffd09c40000 - 0x00007ffd09ddc000 	C:\Program Files\Android\Android Studio\jre\jre\bin\awt.dll
0x00007ffd2fff0000 - 0x00007ffd300b4000 	C:\Windows\System32\OLEAUT32.dll
0x00007ffd2ae70000 - 0x00007ffd2ae9d000 	C:\Windows\SYSTEM32\dwmapi.dll
0x00007ffd28f50000 - 0x00007ffd29510000 	C:\Windows\SYSTEM32\d2d1.dll
0x00007ffd2a550000 - 0x00007ffd2a5df000 	C:\Windows\SYSTEM32\apphelp.dll
0x00007ffd2ad80000 - 0x00007ffd2ae19000 	C:\Windows\system32\uxtheme.dll
0x0000000032280000 - 0x0000000032383000 	C:\Users\pc-1\AppData\Local\Temp\sqlite-3.25.2-8521122a-a65e-44e2-8d0e-bb56599fe620-sqlitejdbc.dll
0x00007ffd2caa0000 - 0x00007ffd2cc94000 	C:\Windows\SYSTEM32\dbghelp.dll

VM Arguments:
jvm_args: -Xmx1536m -Dfile.encoding=windows-1252 -Duser.country=US -Duser.language=en -Duser.variant 
java_command: org.gradle.launcher.daemon.bootstrap.GradleDaemon 5.6.4
java_class_path (initial): C:\Users\pc-1\.gradle\wrapper\dists\gradle-5.6.4-all\ankdp27end7byghfw1q2sw75f\gradle-5.6.4\lib\gradle-launcher-5.6.4.jar
Launcher Type: SUN_STANDARD

Environment Variables:
JAVA_HOME=C:\Program Files\Java\jdk-13.0.2
PATH=C:\Windows\system32;C:\Windows;C:\Windows\System32\Wbem;C:\Windows\System32\WindowsPowerShell\v1.0\;C:\Windows\System32\OpenSSH\;C:\Program Files\nodejs\;C:\ProgramData\chocolatey\bin;C:\xampp\php;C:\ProgramData\ComposerSetup\bin;C:\Users\pc-1\AppData\Local\Microsoft\WindowsApps;C:\Users\pc-1\AppData\Roaming\npm;C:\Users\pc-1\AppData\Local\Programs\Microsoft VS Code\bin;C:\Users\pc-1\AppData\Roaming\Composer\vendor\bin;E:\Flutter SDK\flutter\bin;C:\Users\pc-1\AppData\Local\Android\Sdk\tools\bin;
USERNAME=pc-1
OS=Windows_NT
PROCESSOR_IDENTIFIER=Intel64 Family 6 Model 37 Stepping 2, GenuineIntel



---------------  S Y S T E M  ---------------

OS: Windows 10.0 , 64 bit Build 18362 (10.0.18362.778)

CPU:total 4 (initial active 4) (2 cores per cpu, 2 threads per core) family 6 model 37 stepping 2, cmov, cx8, fxsr, mmx, sse, sse2, sse3, ssse3, sse4.1, sse4.2, popcnt, ht, tsc, tscinvbit

Memory: 4k page, physical 8181060k(1723456k free), swap 12899652k(5136224k free)

vm_info: OpenJDK 64-Bit Server VM (25.212-b04) for windows-amd64 JRE (1.8.0_212-release-1586-b04), built by "builder" with MS VC++ 10.0 (VS2010)

time: Thu May 28 12:09:01 2020
timezone: India Standard Time
elapsed time: 3164 seconds (0d 0h 52m 44s)

